{"name": "test_get_cart_total", "status": "failed", "statusDetails": {"message": "AssertionError: assert 401 == 200\n +  where 401 = <Response [401]>.status_code", "trace": ">   ???\nE   assert 401 == 200\nE    +  where 401 = <Response [401]>.status_code\n\n/Users/veronikaostanina/Desktop/Skypro/FinalProject/tests/test_api.py:53: AssertionError"}, "steps": [{"name": "Получение общей стоимости товаров в корзине", "status": "failed", "statusDetails": {"message": "AssertionError: assert 401 == 200\n +  where 401 = <Response [401]>.status_code\n", "trace": "  File \"/Users/veronikaostanina/Desktop/Skypro/FinalProject/tests/test_api.py\", line 53, in test_get_cart_total\n"}, "start": 1731573701692, "stop": 1731573702558}], "start": 1731573701692, "stop": 1731573702558, "uuid": "4515fd8d-726b-47bc-8a93-446e5278f770", "historyId": "d8f2d187af55511fa2bebb9321f24a5e", "testCaseId": "d8f2d187af55511fa2bebb9321f24a5e", "fullName": "tests.test_api#test_get_cart_total", "labels": [{"name": "feature", "value": "API Tests"}, {"name": "tag", "value": "api"}, {"name": "parentSuite", "value": "tests"}, {"name": "suite", "value": "test_api"}, {"name": "host", "value": "Noutbuk-Veronika.local"}, {"name": "thread", "value": "5704-MainThread"}, {"name": "framework", "value": "pytest"}, {"name": "language", "value": "cpython3"}, {"name": "package", "value": "tests.test_api"}]}